-------------------------------------------------------------------------------
Test set: MutationTesting.TimingTest
-------------------------------------------------------------------------------
Tests run: 11, Failures: 2, Errors: 0, Skipped: 0, Time elapsed: 0.001 sec <<< FAILURE! - in MutationTesting.TimingTest
testMonitorMutationRunTime(MutationTesting.TimingTest)  Time elapsed: 0 sec  <<< FAILURE!
java.lang.AssertionError: Not yet implemented -- Need Additional Framework
	at org.junit.Assert.fail(Assert.java:88)
	at MutationTesting.TimingTest.testMonitorMutationRunTime(TimingTest.java:88)

testMonitorGoldVersionRunTime(MutationTesting.TimingTest)  Time elapsed: 0 sec  <<< FAILURE!
java.lang.AssertionError: Not yet implemented -- Need Additional Framework
	at org.junit.Assert.fail(Assert.java:88)
	at MutationTesting.TimingTest.testMonitorGoldVersionRunTime(TimingTest.java:83)

