-------------------------------------------------------------------------------
Test set: MutationTesting.MutationCompilerTest
-------------------------------------------------------------------------------
Tests run: 3, Failures: 1, Errors: 0, Skipped: 0, Time elapsed: 0.808 sec <<< FAILURE! - in MutationTesting.MutationCompilerTest
badMutationCompileAtPathTest(MutationTesting.MutationCompilerTest)  Time elapsed: 0.07 sec  <<< FAILURE!
java.lang.AssertionError: null
	at org.junit.Assert.fail(Assert.java:86)
	at org.junit.Assert.assertTrue(Assert.java:41)
	at org.junit.Assert.assertTrue(Assert.java:52)
	at MutationTesting.MutationCompilerTest.badMutationCompileAtPathTest(MutationCompilerTest.java:35)

