<?xml version="1.0" encoding="UTF-8"?>
<testsuite name="MutationTesting.MutationReportTest" time="0" tests="23" errors="0" skipped="0" failures="4">
  <properties>
    <property name="java.runtime.name" value="Java(TM) SE Runtime Environment"/>
    <property name="sun.boot.library.path" value="C:\Program Files\Java\jdk1.8.0_20\jre\bin"/>
    <property name="java.vm.version" value="25.20-b23"/>
    <property name="java.vm.vendor" value="Oracle Corporation"/>
    <property name="java.vendor.url" value="http://java.oracle.com/"/>
    <property name="path.separator" value=";"/>
    <property name="guice.disable.misplaced.annotation.check" value="true"/>
    <property name="java.vm.name" value="Java HotSpot(TM) 64-Bit Server VM"/>
    <property name="file.encoding.pkg" value="sun.io"/>
    <property name="user.script" value=""/>
    <property name="user.country" value="US"/>
    <property name="sun.java.launcher" value="SUN_STANDARD"/>
    <property name="sun.os.patch.level" value=""/>
    <property name="java.vm.specification.name" value="Java Virtual Machine Specification"/>
    <property name="user.dir" value="C:\Users\Nicholas\git\edu-odu-cs-cs350-blue1\MutationTesting"/>
    <property name="java.runtime.version" value="1.8.0_20-b26"/>
    <property name="java.awt.graphicsenv" value="sun.awt.Win32GraphicsEnvironment"/>
    <property name="java.endorsed.dirs" value="C:\Program Files\Java\jdk1.8.0_20\jre\lib\endorsed"/>
    <property name="os.arch" value="amd64"/>
    <property name="java.io.tmpdir" value="C:\Users\Nicholas\AppData\Local\Temp\"/>
    <property name="line.separator" value="&#10;"/>
    <property name="java.vm.specification.vendor" value="Oracle Corporation"/>
    <property name="user.variant" value=""/>
    <property name="os.name" value="Windows 8.1"/>
    <property name="classworlds.conf" value="C:\Users\Nicholas\workspace\.metadata\.plugins\org.eclipse.m2e.launching\launches\m2conf952635882913852475.tmp"/>
    <property name="sun.jnu.encoding" value="Cp1252"/>
    <property name="java.library.path" value="C:\Program Files\Java\jdk1.8.0_20\bin;C:\WINDOWS\Sun\Java\bin;C:\WINDOWS\system32;C:\WINDOWS;C:/Program Files/Java/jre1.8.0_25/bin/server;C:/Program Files/Java/jre1.8.0_25/bin;C:/Program Files/Java/jre1.8.0_25/lib/amd64;C:\ProgramData\Oracle\Java\javapath;C:\cygwin64\bin;C:\Aldec\Active-HDL 9.3\bin;C:\Program Files (x86)\QuickTime\QTSystem\;C:\cygwin64\bin;C:\Users\Nicholas\Downloads\eclipse-java-luna-SR1-win32-x86_64\eclipse;;."/>
    <property name="java.specification.name" value="Java Platform API Specification"/>
    <property name="java.class.version" value="52.0"/>
    <property name="sun.management.compiler" value="HotSpot 64-Bit Tiered Compilers"/>
    <property name="os.version" value="6.3"/>
    <property name="user.home" value="C:\Users\Nicholas"/>
    <property name="user.timezone" value="America/New_York"/>
    <property name="java.awt.printerjob" value="sun.awt.windows.WPrinterJob"/>
    <property name="java.specification.version" value="1.8"/>
    <property name="file.encoding" value="Cp1252"/>
    <property name="user.name" value="Nicholas"/>
    <property name="java.class.path" value="/C:/Users/Nicholas/Downloads/eclipse-java-luna-SR1-win32-x86_64/eclipse/plugins/org.eclipse.m2e.maven.runtime_1.5.0.20140605-2032/jars/plexus-classworlds-2.5.1.jar"/>
    <property name="org.slf4j.simpleLogger.defaultLogLevel" value="info"/>
    <property name="java.vm.specification.version" value="1.8"/>
    <property name="sun.arch.data.model" value="64"/>
    <property name="java.home" value="C:\Program Files\Java\jdk1.8.0_20\jre"/>
    <property name="sun.java.command" value="org.codehaus.plexus.classworlds.launcher.Launcher -B site"/>
    <property name="java.specification.vendor" value="Oracle Corporation"/>
    <property name="user.language" value="en"/>
    <property name="awt.toolkit" value="sun.awt.windows.WToolkit"/>
    <property name="java.vm.info" value="mixed mode"/>
    <property name="java.version" value="1.8.0_20"/>
    <property name="java.ext.dirs" value="C:\Program Files\Java\jdk1.8.0_20\jre\lib\ext;C:\WINDOWS\Sun\Java\lib\ext"/>
    <property name="sun.boot.class.path" value="C:\Program Files\Java\jdk1.8.0_20\jre\lib\resources.jar;C:\Program Files\Java\jdk1.8.0_20\jre\lib\rt.jar;C:\Program Files\Java\jdk1.8.0_20\jre\lib\sunrsasign.jar;C:\Program Files\Java\jdk1.8.0_20\jre\lib\jsse.jar;C:\Program Files\Java\jdk1.8.0_20\jre\lib\jce.jar;C:\Program Files\Java\jdk1.8.0_20\jre\lib\charsets.jar;C:\Program Files\Java\jdk1.8.0_20\jre\lib\jfr.jar;C:\Program Files\Java\jdk1.8.0_20\jre\classes"/>
    <property name="java.vendor" value="Oracle Corporation"/>
    <property name="maven.home" value="C:\Users\Nicholas\git\edu-odu-cs-cs350-blue1\MutationTesting\EMBEDDED"/>
    <property name="file.separator" value="\"/>
    <property name="java.vendor.url.bug" value="http://bugreport.sun.com/bugreport/"/>
    <property name="sun.cpu.endian" value="little"/>
    <property name="sun.io.unicode.encoding" value="UnicodeLittle"/>
    <property name="sun.desktop" value="windows"/>
    <property name="sun.cpu.isalist" value="amd64"/>
  </properties>
  <testcase name="testGetSummaryReport" classname="MutationTesting.MutationReportTest" time="0">
    <failure message="expected:&lt;...s:               23&#10;[]&gt; but was:&lt;...s:               23&#10;[Quality score:                       0.0&#10;]&gt;" type="org.junit.ComparisonFailure"><![CDATA[org.junit.ComparisonFailure: expected:<...s:               23
[]> but was:<...s:               23
[Quality score:                       0.0
]>
	at org.junit.Assert.assertEquals(Assert.java:115)
	at org.junit.Assert.assertEquals(Assert.java:144)
	at MutationTesting.MutationReportTest.testGetSummaryReport(MutationReportTest.java:172)
]]></failure>
  </testcase>
  <testcase name="testGetTotalNumberOfTests" classname="MutationTesting.MutationReportTest" time="0"/>
  <testcase name="testSetTotalNumberOfMutants" classname="MutationTesting.MutationReportTest" time="0"/>
  <testcase name="testSetNumberOfKilledMutants" classname="MutationTesting.MutationReportTest" time="0"/>
  <testcase name="testAddMutants" classname="MutationTesting.MutationReportTest" time="0"/>
  <testcase name="testMutationReport" classname="MutationTesting.MutationReportTest" time="0"/>
  <testcase name="testAddTest" classname="MutationTesting.MutationReportTest" time="0"/>
  <testcase name="testAddLegalTest" classname="MutationTesting.MutationReportTest" time="0"/>
  <testcase name="testGetNumberOfKilledMutants" classname="MutationTesting.MutationReportTest" time="0"/>
  <testcase name="testKillNumberOfMutants" classname="MutationTesting.MutationReportTest" time="0"/>
  <testcase name="testRemoveLegalTest" classname="MutationTesting.MutationReportTest" time="0"/>
  <testcase name="qualityScore" classname="MutationTesting.MutationReportTest" time="0"/>
  <testcase name="testSetNumberOfLegalTests" classname="MutationTesting.MutationReportTest" time="0"/>
  <testcase name="testGetTotalNumberOfMutants" classname="MutationTesting.MutationReportTest" time="0"/>
  <testcase name="testAddMutant" classname="MutationTesting.MutationReportTest" time="0"/>
  <testcase name="testGetNumberOfMutantsAlive" classname="MutationTesting.MutationReportTest" time="0"/>
  <testcase name="testSetTotalNumberOfTests" classname="MutationTesting.MutationReportTest" time="0"/>
  <testcase name="testPrintSummaryReportToFile" classname="MutationTesting.MutationReportTest" time="0">
    <failure message="Not yet implemented" type="java.lang.AssertionError">java.lang.AssertionError: Not yet implemented
	at org.junit.Assert.fail(Assert.java:88)
	at MutationTesting.MutationReportTest.testPrintSummaryReportToFile(MutationReportTest.java:182)
</failure>
  </testcase>
  <testcase name="testKillMutant" classname="MutationTesting.MutationReportTest" time="0"/>
  <testcase name="testAddNumberOfTests" classname="MutationTesting.MutationReportTest" time="0"/>
  <testcase name="testAddNumberOfLegalTests" classname="MutationTesting.MutationReportTest" time="0"/>
  <testcase name="testPrintToSummaryReportConsole" classname="MutationTesting.MutationReportTest" time="0">
    <failure message="Not yet implemented" type="java.lang.AssertionError">java.lang.AssertionError: Not yet implemented
	at org.junit.Assert.fail(Assert.java:88)
	at MutationTesting.MutationReportTest.testPrintToSummaryReportConsole(MutationReportTest.java:177)
</failure>
  </testcase>
  <testcase name="testGetNumberOfLegalTests" classname="MutationTesting.MutationReportTest" time="0">
    <failure message="expected:&lt;0&gt; but was:&lt;5&gt;" type="java.lang.AssertionError"><![CDATA[java.lang.AssertionError: expected:<0> but was:<5>
	at org.junit.Assert.fail(Assert.java:88)
	at org.junit.Assert.failNotEquals(Assert.java:743)
	at org.junit.Assert.assertEquals(Assert.java:118)
	at org.junit.Assert.assertEquals(Assert.java:555)
	at org.junit.Assert.assertEquals(Assert.java:542)
	at MutationTesting.MutationReportTest.testGetNumberOfLegalTests(MutationReportTest.java:82)
]]></failure>
  </testcase>
</testsuite>